C51 COMPILER V9.02   EX16                                                                  11/19/2012 14:10:54 PAGE 1   


C51 COMPILER V9.02, COMPILATION OF MODULE EX16
OBJECT MODULE PLACED IN ex16.OBJ
COMPILER INVOKED BY: D:\keil\C51\BIN\C51.EXE ex16.c BROWSE DEBUG OBJECTEXTEND

line level    source

   1          /*******************************************************************************  
   2          * 文件名称：矩阵键盘实验
   3          * 实验目的：1.掌握矩阵键盘扫描的基本原理
   4          *           2.掌握按键扫描及消除抖动的基本原理
   5          * 程序说明：1.使用程序前，将跳线J2调整为KBD模式
   6          *           2.按键功能可参考按键处理函数:void key_proc(unsigned char key);
   7          * 日期版本：2012-9-4/V1.0a 
   8          *******************************************************************************/
   9          
  10          #include "reg52.h"  //定义51单片机特殊功能寄存器
  11          
  12          bit key_re;
  13          unsigned char key_press;
  14          unsigned char key_value;
  15          
  16          bit key_flag;
  17          unsigned char intr;
  18          
  19          unsigned char read_keyboard(void);
  20          void key_proc(unsigned char key);
  21          
  22          //主函数
  23          void main(void)
  24          { 
  25   1          unsigned char key_temp = 0xff;
  26   1          
  27   1          TMOD |= 0x01;  //配置定时器工作模式
  28   1          TH0 = (65536-2000)/256;
  29   1          TL0 = (65536-2000)%256;  
  30   1          EA = 1;
  31   1          ET0 = 1;  //打开定时器中断
  32   1          TR0 = 1;  //启动定时器
  33   1          
  34   1          while(1)
  35   1          {
  36   2              if(key_flag)
  37   2              {
  38   3                  key_flag = 0;
  39   3                  key_temp = read_keyboard();
  40   3              } 
  41   2              
  42   2              key_proc(key_temp);        
  43   2              key_temp = 0xff;  //清除旧键值
  44   2          }
  45   1      }
  46          
  47          //定时器中断服务函数
  48          void isr_timer_0(void)  interrupt 1  //默认中断优先级 1
  49          {
  50   1          TH0 = (65536-2000)/256;
  51   1          TL0 = (65536-2000)%256;  //定时器重载 
  52   1           
  53   1              if(++intr == 10)  //2ms执行一次
  54   1              {
  55   2              intr = 0;
C51 COMPILER V9.02   EX16                                                                  11/19/2012 14:10:54 PAGE 2   

  56   2                      key_flag = 1;  //20ms按键扫描标志位置1
  57   2          }
  58   1      }
  59          
  60          //读取矩阵键盘键值
  61          unsigned char read_keyboard(void)
  62          {
  63   1          unsigned char key_temp;
  64   1          static unsigned char col;
  65   1          
  66   1              P3 = 0xf0;    
  67   1          key_temp = (P3&0xf0);
  68   1      
  69   1          if(key_temp != 0xf0) //有按键按下
  70   1              key_press++;
  71   1              else
  72   1                      key_press = 0;  //抖动
  73   1          
  74   1          if(key_press == 3)
  75   1          {
  76   2                      key_press = 0;
  77   2                      key_re = 1;
  78   2                      switch(key_temp)
  79   2              {
  80   3                  case 0x70:
  81   3                      col = 1;  //第一列按键按下
  82   3                      break;                
  83   3                  case 0xb0:
  84   3                      col = 2;  //第二列按键按下
  85   3                      break;    
  86   3                  case 0xd0:
  87   3                      col = 3;  //第三列按键按下
  88   3                      break;    
  89   3                  case 0xe0:
  90   3                      col = 4;  //第四列按键按下
  91   3                      break;
  92   3              }
  93   2              
  94   2              P3 = 0x0f;
  95   2              key_temp = (P3&0x0f);
  96   2              
  97   2                      switch(key_temp)
  98   2              {
  99   3                  case 0x0e:
 100   3                      key_value = (col-1);   //第一行按键按下
 101   3                      break;                
 102   3                  case 0x0d:
 103   3                      key_value = (3+col);   //第二行按键按下
 104   3                      break;    
 105   3                  case 0x0b:
 106   3                      key_value = (7+col);   //第三行按键按下
 107   3                      break;    
 108   3                  case 0x07:
 109   3                      key_value = (11+col);  //第四行按键按下
 110   3                      break;
 111   3              }
 112   2          }
 113   1          //连续三次检测到按键被按下，并且该按键已经释放
 114   1              P3 = 0x0f;
 115   1              key_temp = (P3&0x0f);
 116   1              
 117   1          if((key_re == 1) && (key_temp == 0x0f))
C51 COMPILER V9.02   EX16                                                                  11/19/2012 14:10:54 PAGE 3   

 118   1          {
 119   2              key_re = 0;
 120   2              return key_value;
 121   2          }
 122   1          
 123   1          return 0xff;  //无按键按下或被按下的按键未被释放 
 124   1      }
 125          
 126          
 127          //按键处理函数:S7,S11
 128          void key_proc(unsigned char key)
 129          {
 130   1          switch(key)
 131   1          {
 132   2              case 0:  //
 133   2                  P2 = ((P2&0x1f)|0x80);
 134   2                              P0++;
 135   2                              P2 &= 0x1f;
 136   2                  break;
 137   2              case 1:  //
 138   2                  P2 = ((P2&0x1f)|0x80);
 139   2                              P0--;
 140   2                              P2 &= 0x1f;
 141   2                  break;
 142   2          }    
 143   1      }


MODULE INFORMATION:   STATIC OVERLAYABLE
   CODE SIZE        =    234    ----
   CONSTANT SIZE    =   ----    ----
   XDATA SIZE       =   ----    ----
   PDATA SIZE       =   ----    ----
   DATA SIZE        =      4       1
   IDATA SIZE       =   ----    ----
   BIT SIZE         =      2    ----
END OF MODULE INFORMATION.


C51 COMPILATION COMPLETE.  0 WARNING(S),  0 ERROR(S)
