C51 COMPILER V9.54   LEDS_TOGETHER_KEY16                                                   02/09/2016 21:51:47 PAGE 1   


C51 COMPILER V9.54, COMPILATION OF MODULE LEDS_TOGETHER_KEY16
OBJECT MODULE PLACED IN .\Objects\leds together-key16.obj
COMPILER INVOKED BY: C:\Keil_v5\C51\BIN\C51.EXE leds together-key16.c OPTIMIZE(8,SPEED) BROWSE DEBUG OBJECTEXTEND PRINT(
                    -.\Listings\leds together-key16.lst) TABS(2) OBJECT(.\Objects\leds together-key16.obj)

line level    source

   1          //leds together_key16
   2          #include <reg52.h>
   3          #include <intrins.h>
   4          #include <self.h>
   5          #define uint unsigned int
   6          #define uchar unsigned char
   7          #define delay_time 400
   8          
   9          code unsigned char duan[16] = {0xc0,0xf9,0xa4,0xb0,0x99,0x92,0x82,0xf8,0x80,0x90,0x88,0x83,0xc6,0xa1,0x86,
             -0x8e};
  10          code unsigned char wei[9] = {0x01,0x02,0x04,0x08,0x10,0x20,0x40,0x80,0xff};
  11          
  12          void main()
  13          {
  14   1        uchar value=0xff;
  15   1        while(1){
  16   2          value=read_key16();
  17   2          if(value!=0xff){
  18   3            P0=duan[value];
  19   3            U7_duan();
  20   3            P0=wei[8];
  21   3            U6_wei();
  22   3            //delay(delay_time);
  23   3          }
  24   2          //value=0xff;
  25   2        }
  26   1      }


MODULE INFORMATION:   STATIC OVERLAYABLE
   CODE SIZE        =    219    ----
   CONSTANT SIZE    =     25    ----
   XDATA SIZE       =   ----    ----
   PDATA SIZE       =   ----    ----
   DATA SIZE        =      3       1
   IDATA SIZE       =   ----    ----
   BIT SIZE         =      1    ----
END OF MODULE INFORMATION.


C51 COMPILATION COMPLETE.  0 WARNING(S),  0 ERROR(S)
