C51 COMPILER V9.02   EX10                                                                  12/27/2012 09:17:58 PAGE 1   


C51 COMPILER V9.02, COMPILATION OF MODULE EX10
OBJECT MODULE PLACED IN ex10.OBJ
COMPILER INVOKED BY: d:\Keil\C51\BIN\C51.EXE ex10.c BROWSE DEFINE(ADC_PCF8591) DEBUG OBJECTEXTEND TABS(2)

line level    source

   1          /*******************************************************************************  
   2          * 文件名称：ADC转换实验
   3          * 实验目的：1.掌握I2C总线通讯基本特点和工作时序
   4          *           2.掌握51单片机模拟I2C总线时序的程序设计方法
   5          *           3.掌握PCF8591 ADC芯片的操作方法
   6          * 程序说明：1.使用程序前在 Preprocessor Symbols 中增加宏定义ADC_PCF8591
   7          *           2.调节电位器Rb2，观察数码管显示情况
   8          * 日期版本：2012-9-5/V1.0a 
   9          *******************************************************************************/
  10          
  11          #include "reg52.h"  //定义51单片机特殊功能寄存器
  12          #include "i2c.h"    //I2C总线驱动库 
  13          #include "absacc.h"
  14          
  15          code unsigned char tab[] = { 0xc0,0xf9,0xa4,0xb0,0x99,0x92,0x82,0xf8,0x80,0x90,
  16                                       0xff
  17                                     };
  18          unsigned char dspbuf[8] = {10,10,10,10,10,0,0,0};  //显示缓冲区
  19          unsigned char dspcom = 0;
  20          unsigned char intr;
  21          bit adc_flag;
  22          
  23          void display(void);
  24          
  25          //主函数
  26          void main(void)
  27          { 
  28   1          unsigned char adc_value;  //ADC转换数据 
  29   1      
  30   1          P1 &= 0x7f;
  31   1          
  32   1          TMOD |= 0x01;  //配置定时器工作模式
  33   1          TH0 = (65536-2000)/256;
  34   1          TL0 = (65536-2000)%256;  
  35   1          EA = 1;
  36   1          ET0 = 1;  //打开定时器中断
  37   1          TR0 = 1;  //启动定时器
  38   1      
  39   1        init_pcf8591();  //PCF8591初始化      
  40   1          
  41   1          while(1)
  42   1          {
  43   2          if(adc_flag)
  44   2          {
  45   3            adc_flag = 0;  //清除ADC扫描标志位 
  46   3            adc_value = adc_pcf8591();
  47   3            //更新显示数据
  48   3            dspbuf[5] = adc_value/100;       
  49   3            dspbuf[6] = adc_value%100/10;       
  50   3            dspbuf[7] = adc_value%10; 
  51   3          }
  52   2          }
  53   1      }
  54          
  55          //定时器中断服务函数
C51 COMPILER V9.02   EX10                                                                  12/27/2012 09:17:58 PAGE 2   

  56          void isr_timer_0(void)  interrupt 1  //默认中断优先级 1
  57          {
  58   1          TH0 = (65536-2000)/256;
  59   1          TL0 = (65536-2000)%256;  //定时器重载 
  60   1          if(++intr == 50)
  61   1        {
  62   2          intr = 0;
  63   2          adc_flag = 1;
  64   2        } 
  65   1          display();
  66   1      }
  67          
  68          //显示函数
  69          void display(void)
  70          {   
  71   1        XBYTE[0xE000] = 0xff;  //消隐
  72   1        
  73   1        XBYTE[0xC000] = (1<<dspcom);
  74   1          XBYTE[0xE000] = tab[dspbuf[dspcom]]; //段码
  75   1         
  76   1          if(++dspcom == 8){
  77   2              dspcom = 0;
  78   2          }   
  79   1      }


MODULE INFORMATION:   STATIC OVERLAYABLE
   CODE SIZE        =    184    ----
   CONSTANT SIZE    =     11    ----
   XDATA SIZE       =   ----    ----
   PDATA SIZE       =   ----    ----
   DATA SIZE        =     10    ----
   IDATA SIZE       =   ----    ----
   BIT SIZE         =      1    ----
END OF MODULE INFORMATION.


C51 COMPILATION COMPLETE.  0 WARNING(S),  0 ERROR(S)
