C51 COMPILER V9.52.0.0   EX7                                                               08/24/2015 19:05:55 PAGE 1   


C51 COMPILER V9.52.0.0, COMPILATION OF MODULE EX7
OBJECT MODULE PLACED IN ex7.OBJ
COMPILER INVOKED BY: C:\Keil\C51\C51\BIN\C51.EXE ex7.c BROWSE DEBUG OBJECTEXTEND

line level    source

   1          /*******************************************************************************  
   2          * 文件名称：数码管控制实验
   3          * 实验目的：1.掌握数码管动态扫描的基本原理,掌握数码管消除“鬼影”的方法
   4          *           2.掌握51单片机定时器工作模式和配置方法
   5          *           3.掌握keil uvision集成开发环境下，中断服务函数设计方法
   6          * 程序说明：无
   7          * 日期版本：2015-8 NUAA  
   8          *******************************************************************************/
   9          
  10          #include "reg52.h"  //定义51单片机特殊功能寄存器
  11          #include "intrins.h"
  12          
  13          sbit  HC138A = P2^5;
  14          sbit  HC138B = P2^6;
  15          sbit  HC138C = P2^7;               
  16          
  17          //以下是P25 P26 P27变化对应使Y0-Y7为0
  18          #define  Y0   0x1f 
  19          #define  Y1   0x3f     
  20          #define  Y2   0x5f  
  21          #define  Y3   0x7f 
  22          #define  Y4   0x9f 
  23          #define  Y5   0xbf 
  24          #define  Y6   0xdf   
  25          #define  Y7   0xff   
  26          
  27                                          //0    1    2    3    4    5    6    7    8    9  关闭
  28          code unsigned char duan[11] = {0xc0,0xf9,0xa4,0xb0,0x99,0x92,0x82,0xf8,0x80,0x90,0xff};
  29          code unsigned char wei[9] = {0x01,0x02,0x04,0x08,0x10,0x20,0x40,0x80,0xff};
  30          
  31          unsigned char i = 0;
  32          void display(void);
  33          void U7suocun(void);
  34          void U8suocun(void);
  35          
  36          
  37          //段锁存器锁存
  38          void U7suocun(void) //LED对应锁存器U7控制端LE 从高位变为低位
  39          {
  40   1           //Y7 为0  其他为高
  41   1               P2 = Y7;
  42   1           _nop_();
  43   1           _nop_();
  44   1           P2 = Y0;
  45   1           //Y7 为1 （此时只有Y0是0 不过Y0在板子上没有用到）
  46   1      }
  47          
  48          
  49          //位锁存器锁存
  50          void U8suocun(void) //LED对应锁存器U8控制端LE 从高位变为低位
  51          {
  52   1          //Y6 为0  其他为高
  53   1              P2 = Y6;
  54   1          _nop_();
  55   1              _nop_();
C51 COMPILER V9.52.0.0   EX7                                                               08/24/2015 19:05:55 PAGE 2   

  56   1              P2 = Y0;
  57   1          //Y6 为1 （此时只有Y0是0 不过Y0在板子上没有用到）
  58   1      }
  59          
  60          //主函数
  61          void main(void)
  62          { 
  63   1       
  64   1              TMOD |= 0x01;  //配置定时器0工作模式 16位寄存器模式
  65   1          TH0 = (65536-2000)/256;
  66   1          TL0 = (65536-2000)%256;  
  67   1          EA = 1;
  68   1          ET0 = 1; //打开定时器0中断
  69   1          TR0 = 1;  //启动定时器0
  70   1          while(1)
  71   1          {
  72   2                      
  73   2          }
  74   1              
  75   1      }
  76          
  77          //定时器中断服务函数
  78          void isr_timer_0(void)  interrupt 1 //默认中断优先级 1
  79          {
  80   1          TH0 = (65536-2000)/256;
  81   1          TL0 = (65536-2000)%256;//定时器重载 
  82   1              display();  //5ms执行一次
  83   1      }
  84          
  85          //显示函数
  86          void display(void)
  87          {   
  88   1         P0=wei[i];
  89   1         U8suocun();//送位数据和位锁存
  90   1         P0=duan[i+1];
  91   1         U7suocun();//送段数据和段锁存
  92   1         i++;
  93   1         if(i>=8)
  94   1                 i=0; 
  95   1      }


MODULE INFORMATION:   STATIC OVERLAYABLE
   CODE SIZE        =    135    ----
   CONSTANT SIZE    =     20    ----
   XDATA SIZE       =   ----    ----
   PDATA SIZE       =   ----    ----
   DATA SIZE        =      1    ----
   IDATA SIZE       =   ----    ----
   BIT SIZE         =   ----    ----
END OF MODULE INFORMATION.


C51 COMPILATION COMPLETE.  0 WARNING(S),  0 ERROR(S)
