C51 COMPILER V9.52.0.0   EX3                                                               08/22/2015 14:32:01 PAGE 1   


C51 COMPILER V9.52.0.0, COMPILATION OF MODULE EX3
OBJECT MODULE PLACED IN ex3.OBJ
COMPILER INVOKED BY: C:\Keil\C51\C51\BIN\C51.EXE ex3.c BROWSE DEBUG OBJECTEXTEND

line level    source

   1          /*******************************************************************************  
   2          * 文件名称：LED流水灯控制实验
   3          * 实验目的：掌握单片机IO口操作的基本方法
   4          * 程序说明： J13选择IO， 
   5          * 日期版本：2015-8
   6          //此种方法能够熟悉开发板上面各个芯片的使用方法  程序可读性更强，方便初学者入手
   7          
   8          *******************************************************************************/
   9          
  10          #include "reg52.h"  //定义51单片机特殊功能寄存器
  11          #include "intrins.h"
  12          
  13          sbit  HC138A = P2^5;
  14          sbit  HC138B = P2^6;
  15          sbit  HC138C = P2^7;
  16          
  17          //延时函数 软件延时
  18          void delay(int ms) //10ms一次
  19          {
  20   1          unsigned char i,j;
  21   1          for(i=0; i<220; i++)
  22   1          {
  23   2              for(j=0; j<ms; j++)
  24   2              {
  25   3                  ;
  26   3              }
  27   2          } 
  28   1      }
  29          void U6suocun(void) //LED对应锁存器U6控制端LE 从高位变为低位
  30          {
  31   1         HC138A = 0;
  32   1         HC138B = 0;
  33   1         HC138C = 1; //Y4 为0  其他为高
  34   1         _nop_();
  35   1         _nop_();
  36   1         HC138A = 0;
  37   1         HC138B = 0;
  38   1         HC138C = 0; //Y4 为1 （此时只有Y0是0 不过Y0在板子上没有用到）
  39   1        
  40   1      }
  41          
  42          //主函数
  43          void main(void)
  44          {
  45   1          unsigned char i;
  46   1              //把要显示的方式写成数组，可以实现花样流水灯
  47   1              char temp[9] = {0x00,0x01,0x03,0x07,0x0f,0x1f,0x3f,0x7f,0xff}; //把要点亮的方式写成数组
  48   1              HC138A = 0;
  49   1          HC138B = 0;
  50   1          HC138C = 0; //初始化 
  51   1          i=0;
  52   1              while(1)
  53   1          {
  54   2                      P0 = temp[i%9];
  55   2                      U6suocun();
C51 COMPILER V9.52.0.0   EX3                                                               08/22/2015 14:32:01 PAGE 2   

  56   2                      delay(100);
  57   2                      i++;
  58   2          }
  59   1      }


MODULE INFORMATION:   STATIC OVERLAYABLE
   CODE SIZE        =     92    ----
   CONSTANT SIZE    =      9    ----
   XDATA SIZE       =   ----    ----
   PDATA SIZE       =   ----    ----
   DATA SIZE        =   ----       9
   IDATA SIZE       =   ----    ----
   BIT SIZE         =   ----    ----
END OF MODULE INFORMATION.


C51 COMPILATION COMPLETE.  0 WARNING(S),  0 ERROR(S)
