C51 COMPILER V9.52.0.0   EX9                                                               08/25/2015 19:22:40 PAGE 1   


C51 COMPILER V9.52.0.0, COMPILATION OF MODULE EX9
OBJECT MODULE PLACED IN ex9.OBJ
COMPILER INVOKED BY: C:\Keil\C51\C51\BIN\C51.EXE ex9.c BROWSE DEFINE(EEPROM_AT24C02) DEBUG OBJECTEXTEND

line level    source

   1          /*******************************************************************************  
   2          * 文件名称：开机次数存储实验,按下复位按键，或重新上电，数码管显示+1
   3          * 实验目的：1.掌握I2C总线通讯基本特点和工作时序
   4          *           2.掌握51单片机模拟I2C总线时序的程序设计方法
   5          *           3.掌握EEPROM存储器的特性及AT24C02的读写操作方法
   6          * 程序说明：使用程序时，需要在Preprocessor Symbols 中加入宏定义：EEPROM_AT24C02
   7          * 日期版本：2012-9-4/V1.0a 
   8          *******************************************************************************/
   9          
  10          #include "reg52.h"  //定义51单片机特殊功能寄存器
  11          #include "i2c.h"    //I2C总线驱动库 
  12          #include "absacc.h"
  13          
  14          code unsigned char tab[] = { 0xc0,0xf9,0xa4,0xb0,0x99,0x92,0x82,0xf8,0x80,0x90,
  15                                       0xff
  16                                     };
  17          unsigned char dspbuf[8] = {10,10,10,10,10,0,0,0};  //显示缓冲区
  18          unsigned char dspcom = 0;
  19          
  20          void display(void);
  21          
  22          //主函数
  23          void main(void)
  24          { 
  25   1          unsigned char reset_cnt;  //开机次数存储 (最大存储值255)
  26   1          
  27   1          
  28   1          TMOD |= 0x01;  //配置定时器工作模式
  29   1          TH0 = (65536-2000)/256;
  30   1          TL0 = (65536-2000)%256;  
  31   1          EA = 1;
  32   1          ET0 = 1;  //打开定时器中断
  33   1          TR0 = 1;  //启动定时器
  34   1      
  35   1      //      write_eeprom(0x00,0x00);  //EEPROM中存储的数据需要进行初始化
  36   1              
  37   1          reset_cnt = read_eeprom(0x00);  //从AT24C02地址0x00中读取数据
  38   1          reset_cnt++;
  39   1          write_eeprom(0x00,reset_cnt);  //向AT24C02地址0x00中写入数据
  40   1      
  41   1          //更新显示数据
  42   1          dspbuf[5] = reset_cnt/100;       
  43   1          dspbuf[6] = reset_cnt%100/10;       
  44   1          dspbuf[7] = reset_cnt%10;       
  45   1          
  46   1          while(1)
  47   1          {
  48   2              ;
  49   2          }
  50   1      }
  51          
  52          //定时器中断服务函数
  53          void isr_timer_0(void)  interrupt 1  //默认中断优先级 1
  54          {
  55   1          TH0 = (65536-2000)/256;
C51 COMPILER V9.52.0.0   EX9                                                               08/25/2015 19:22:40 PAGE 2   

  56   1          TL0 = (65536-2000)%256;  //定时器重载 
  57   1           
  58   1          display();
  59   1      }
  60          
  61          //显示函数
  62          void display(void)
  63          {   
  64   1              XBYTE[0xE000] = 0xff;  //消隐
  65   1              
  66   1              XBYTE[0xC000] = (1<<dspcom);
  67   1          XBYTE[0xE000] = tab[dspbuf[dspcom]]; //段码
  68   1         
  69   1          if(++dspcom == 8){
  70   2              dspcom = 0;
  71   2          }    
  72   1      }


MODULE INFORMATION:   STATIC OVERLAYABLE
   CODE SIZE        =    177    ----
   CONSTANT SIZE    =     11    ----
   XDATA SIZE       =   ----    ----
   PDATA SIZE       =   ----    ----
   DATA SIZE        =      9       1
   IDATA SIZE       =   ----    ----
   BIT SIZE         =   ----    ----
END OF MODULE INFORMATION.


C51 COMPILATION COMPLETE.  0 WARNING(S),  0 ERROR(S)
