C51 COMPILER V9.52.0.0   EX1                                                               08/22/2015 14:00:25 PAGE 1   


C51 COMPILER V9.52.0.0, COMPILATION OF MODULE EX1
OBJECT MODULE PLACED IN ex1.OBJ
COMPILER INVOKED BY: C:\Keil\C51\C51\BIN\C51.EXE ex1.c BROWSE DEBUG OBJECTEXTEND

line level    source

   1          /*******************************************************************************  
   2          * 文件名称：LED闪烁实验 (IO方式) 
   3          //此种方法能够熟悉开发板上面各个芯片的使用方法
   4          * 实验目的：1.掌握单片机IO口操作的基本方法
   5          *           2.掌握软件延时函数的设计方法
   6                 
   7          * 程序说明：LED以0.2S为间隔亮灭(STC89C52RC单片机)  J13选择为IO方式
   8          * 日期版本：NUAA  2015-8
   9          *******************************************************************************/
  10          
  11          #include "reg52.h"  //定义51单片机特殊功能寄存器
  12          #include "intrins.h"
  13          
  14          sbit  HC138A = P2^5;
  15          sbit  HC138B = P2^6;
  16          sbit  HC138C = P2^7;
  17          
  18          //延时函数 软件延时
  19          void delay(int ms) //10ms一次
  20          {
  21   1          unsigned char i,j;
  22   1          for(i=0; i<220; i++)
  23   1          {
  24   2              for(j=0; j<ms; j++)
  25   2              {
  26   3                  ;
  27   3              }
  28   2          } 
  29   1      }
  30          void U6suocun(void) //LED对应锁存器U6控制端LE 从高位变为低位
  31          {
  32   1         HC138A = 0;
  33   1         HC138B = 0;
  34   1         HC138C = 1; //Y4 为0  其他为高
  35   1         _nop_();
  36   1         _nop_();
  37   1         HC138A = 0;
  38   1         HC138B = 0;
  39   1         HC138C = 0; //Y4 为1  （此时只有Y0是0 不过Y0在板子上没有用到）
  40   1        
  41   1      }
  42          
  43          //主函数
  44          void main(void)
  45          {
  46   1           HC138A = 0;
  47   1           HC138B = 0;
  48   1           HC138C = 0; //初始化 
  49   1              while(1)
  50   1          {
  51   2                      P0 = 0xff;
  52   2                      U6suocun();
  53   2                      delay(120);
  54   2                      P0 = 0x00;
  55   2                      U6suocun();
C51 COMPILER V9.52.0.0   EX1                                                               08/22/2015 14:00:25 PAGE 2   

  56   2                      delay(120);
  57   2          }
  58   1      }


MODULE INFORMATION:   STATIC OVERLAYABLE
   CODE SIZE        =     69    ----
   CONSTANT SIZE    =   ----    ----
   XDATA SIZE       =   ----    ----
   PDATA SIZE       =   ----    ----
   DATA SIZE        =   ----    ----
   IDATA SIZE       =   ----    ----
   BIT SIZE         =   ----    ----
END OF MODULE INFORMATION.


C51 COMPILATION COMPLETE.  0 WARNING(S),  0 ERROR(S)
