C51 COMPILER V9.54   JIAOTI                                                                02/08/2016 13:27:28 PAGE 1   


C51 COMPILER V9.54, COMPILATION OF MODULE JIAOTI
OBJECT MODULE PLACED IN .\Objects\jiaoti.obj
COMPILER INVOKED BY: C:\Keil_v5\C51\BIN\C51.EXE jiaoti.c OPTIMIZE(8,SPEED) BROWSE DEBUG OBJECTEXTEND PRINT(.\Listings\ji
                    -aoti.lst) TABS(2) OBJECT(.\Objects\jiaoti.obj)

line level    source

   1          //
   2          #include <reg52.h>
   3          #include <intrins.h>
   4          #define uint unsigned int
   5          #define uchar unsigned char
   6          
   7          sbit HC138A = P2^5;
   8          sbit HC138B = P2^6;
   9          sbit HC138C = P2^7;
  10          
  11          void delay(uint x)
  12          {
  13   1        uint i,j;
  14   1        for(i=x;i>0;i--){
  15   2          for(j=110;j>0;j--);
  16   2        }
  17   1      }
  18          
  19          
  20          void LED_HC138(void)
  21          {
  22   1        HC138C = 1;
  23   1        HC138B = 0;
  24   1        HC138A = 0;
  25   1        _nop_();
  26   1        HC138C = 0;
  27   1      }
  28          
  29          void main(void)
  30          {
  31   1        HC138C = 0;
  32   1        HC138B = 0;
  33   1        HC138A = 0;
  34   1        while(1){
  35   2          P0 = 0xff;
  36   2          LED_HC138();
  37   2          delay(200);
  38   2          P0 = 0x00;
  39   2          LED_HC138();
  40   2          //delay(200);
  41   2        }
  42   1      }


MODULE INFORMATION:   STATIC OVERLAYABLE
   CODE SIZE        =     67    ----
   CONSTANT SIZE    =   ----    ----
   XDATA SIZE       =   ----    ----
   PDATA SIZE       =   ----    ----
   DATA SIZE        =   ----    ----
   IDATA SIZE       =   ----    ----
   BIT SIZE         =   ----    ----
END OF MODULE INFORMATION.


C51 COMPILATION COMPLETE.  0 WARNING(S),  0 ERROR(S)
