C51 COMPILER V9.52.0.0   EX4                                                               08/25/2015 10:07:18 PAGE 1   


C51 COMPILER V9.52.0.0, COMPILATION OF MODULE EX4
OBJECT MODULE PLACED IN ex4.OBJ
COMPILER INVOKED BY: C:\Keil\C51\C51\BIN\C51.EXE ex4.c BROWSE DEBUG OBJECTEXTEND

line level    source

   1          /*******************************************************************************  
   2          * 文件名称：蜂鸣器&继电器控制实验
   3          * 实验目的：1.掌握单片机IO口操作的基本方法 
   4          *           2.掌握C51关键字"sbit"的用法
   5          *           2.掌握单片机常见外围驱动电路的设计方法 
   6          * 程序说明：使用程序前，将跳线J5调整为BTN模式独立按键模式  J13选择为IO模式  带软件消抖
   7                  扫描的方法处理S4 S5 S6 S7的按键操作。
   8                      S7--蜂鸣器响  S6--蜂鸣器关闭  S5--继电器闭合  S4--继电器断开
   9          * 日期版本：2015-8  NUAA  
  10          *******************************************************************************/
  11          
  12          #include "reg52.h"  //定义51单片机特殊功能寄存器
  13          #include "intrins.h"
  14          
  15          /** 独立按键接口 */
  16          sbit S7  = P3^0;
  17          sbit S6  = P3^1;
  18          sbit S5  = P3^2;
  19          sbit S4  = P3^3;
  20          
  21          sbit  HC138A = P2^5;
  22          sbit  HC138B = P2^6;
  23          sbit  HC138C = P2^7;               
  24          
  25          //以下是P25 P26 P27变化对应使Y0-Y7为0
  26          #define  Y0   0x1f 
  27          #define  Y1   0x3f     
  28          #define  Y2   0x5f  
  29          #define  Y3   0x7f 
  30          #define  Y4   0x9f 
  31          #define  Y5   0xbf 
  32          #define  Y6   0xdf   
  33          #define  Y7   0xff   
  34          
  35          
  36          
  37          //延时函数 软件延时
  38          void delay(int ms) //10ms一次
  39          {
  40   1          unsigned char i,j;
  41   1          for(i=0; i<220; i++)
  42   1          {
  43   2              for(j=0; j<ms; j++)
  44   2              {
  45   3                  ;
  46   3              }
  47   2          } 
  48   1      }
  49          
  50          
  51          //锁存器U9锁存操作
  52          void U9suocun(void) //LED对应锁存器U7控制端LE 从高位变为低位
  53          {
  54   1           //Y5 为0  其他为高
  55   1               P2 = Y5;
C51 COMPILER V9.52.0.0   EX4                                                               08/25/2015 10:07:18 PAGE 2   

  56   1           _nop_();
  57   1           _nop_();
  58   1           P2 = Y0;
  59   1           //Y5 为1 （此时只有Y0是0 不过Y0在板子上没有用到）
  60   1      }
  61          
  62          
  63          //主函数
  64          void main(void)
  65          {    
  66   1              unsigned char i;
  67   1              char temp[4] = {0x40,0x00,0x10,0x00}; //对应分别是打开蜂鸣器 关闭蜂鸣器 打开继电器 断开继电器
  68   1          HC138A = 0;
  69   1          HC138B = 0;
  70   1          HC138C = 0; //初始化 
  71   1              S4 = 1;
  72   1          S5 = 1;
  73   1          S6 = 1;
  74   1          S7 = 1;
  75   1              while(1)
  76   1          {
  77   2              if(S7 == 0)
  78   2              {
  79   3                    delay(5);//小段延时 进行消抖
  80   3                if(S7 == 0)
  81   3                        {
  82   4                                 P0 = temp[0];
  83   4                             U9suocun();
  84   4                }                             
  85   3              }
  86   2              if(S6 == 0)
  87   2              {
  88   3                delay(5);//小段延时 进行消抖
  89   3                if(S6 == 0)
  90   3                        {
  91   4                                 P0 = temp[1];
  92   4                             U9suocun();
  93   4                }             
  94   3              }
  95   2              if(S5 == 0)
  96   2              {
  97   3                delay(5);//小段延时 进行消抖
  98   3                if(S5 == 0)
  99   3                        {
 100   4                                 P0 = temp[2];
 101   4                             U9suocun();
 102   4                }               
 103   3              }
 104   2              if(S4 == 0)
 105   2              {
 106   3                 delay(5);//小段延时 进行消抖
 107   3                if(S4 == 0)
 108   3                        {
 109   4                                 P0 = temp[3];
 110   4                             U9suocun();
 111   4                }             
 112   3              }
 113   2      
 114   2          }
 115   1      }
*** WARNING C280 IN LINE 66 OF ex4.c: 'i': unreferenced local variable

C51 COMPILER V9.52.0.0   EX4                                                               08/25/2015 10:07:18 PAGE 3   


MODULE INFORMATION:   STATIC OVERLAYABLE
   CODE SIZE        =    132    ----
   CONSTANT SIZE    =      4    ----
   XDATA SIZE       =   ----    ----
   PDATA SIZE       =   ----    ----
   DATA SIZE        =   ----       5
   IDATA SIZE       =   ----    ----
   BIT SIZE         =   ----    ----
END OF MODULE INFORMATION.


C51 COMPILATION COMPLETE.  1 WARNING(S),  0 ERROR(S)
