C51 COMPILER V9.52.0.0   EX4                                                               08/22/2015 14:38:25 PAGE 1   


C51 COMPILER V9.52.0.0, COMPILATION OF MODULE EX4
OBJECT MODULE PLACED IN ex4.OBJ
COMPILER INVOKED BY: C:\Keil\C51\C51\BIN\C51.EXE ex4.c BROWSE DEBUG OBJECTEXTEND

line level    source

   1          /*******************************************************************************  
   2          * 文件名称：按键控制实验
   3          * 实验目的：1.掌握单片机IO口操作的基本方法
   4          *           2.掌握C51关键字"sbit"的用法
   5          *           2.掌握单片机常见外围驱动电路的设计方法 
   6          * 程序说明：使用程序前，将跳线J5调整为BTN模式 
   7             扫描的方法处理S4 S5 S6 S7的按键操作。
   8          * 日期版本：2015 NUAA  
   9          *******************************************************************************/
  10          
  11          
  12          
  13          #include "reg52.h"  //定义51单片机特殊功能寄存器
  14          
  15          /** 独立按键接口 */
  16          sbit S7  = P3^0;
  17          sbit S6  = P3^1;
  18          sbit S5  = P3^2;
  19          sbit S4  = P3^3;
  20          
  21          //主函数
  22          void main(void)
  23          {    
  24   1          while(1)
  25   1          {
  26   2              if(S7 == 0)
  27   2              {
  28   3                  P2 = ((P2&0x1f)|0x80);
  29   3                              P0 = 0xff;  //关闭所有LED
  30   3                              P2 &= 0x1f;
  31   3              }
  32   2              if(S6 == 0)
  33   2              {
  34   3                  P2 = ((P2&0x1f)|0x80);
  35   3                  P0 = 0x00;  //打开所有LED
  36   3                              P2 &= 0x1f;
  37   3              }
  38   2              if(S5 == 0)
  39   2              {
  40   3                  P2 = ((P2&0x1f)|0xa0);
  41   3                              P0 &= ~(0x01<<6);  //Close 蜂鸣器
  42   3                              P2 &= 0x1f;
  43   3              }
  44   2              if(S4 == 0)
  45   2              {
  46   3                  P2 = ((P2&0x1f)|0xa0);
  47   3                              P0 |= (0x01<<6); //Open蜂鸣器
  48   3                              P2 &= 0x1f;
  49   3              }
  50   2      
  51   2          }
  52   1      }


MODULE INFORMATION:   STATIC OVERLAYABLE
C51 COMPILER V9.52.0.0   EX4                                                               08/22/2015 14:38:25 PAGE 2   

   CODE SIZE        =     70    ----
   CONSTANT SIZE    =   ----    ----
   XDATA SIZE       =   ----    ----
   PDATA SIZE       =   ----    ----
   DATA SIZE        =   ----    ----
   IDATA SIZE       =   ----    ----
   BIT SIZE         =   ----    ----
END OF MODULE INFORMATION.


C51 COMPILATION COMPLETE.  0 WARNING(S),  0 ERROR(S)
